  1>
  -- Install configuration: "Debug"
  -- Up-to-date: C:/Users/82108/Documents/GitHub/Hatkey/install/etc/licenses/ippicv-readme.htm
  -- Up-to-date: C:/Users/82108/Documents/GitHub/Hatkey/install/etc/licenses/ippicv-EULA.rtf
  -- Up-to-date: C:/Users/82108/Documents/GitHub/Hatkey/install/etc/licenses/ippicv-third-party-programs.txt
  -- Up-to-date: C:/Users/82108/Documents/GitHub/Hatkey/install/etc/licenses/ippiw-support.txt
  -- Up-to-date: C:/Users/82108/Documents/GitHub/Hatkey/install/etc/licenses/ippiw-third-party-programs.txt
  -- Up-to-date: C:/Users/82108/Documents/GitHub/Hatkey/install/etc/licenses/ippiw-EULA.rtf
  -- Up-to-date: C:/Users/82108/Documents/GitHub/Hatkey/install/etc/licenses/flatbuffers-LICENSE.txt
  -- Up-to-date: C:/Users/82108/Documents/GitHub/Hatkey/install/etc/licenses/opencl-headers-LICENSE.txt
  -- Up-to-date: C:/Users/82108/Documents/GitHub/Hatkey/install/etc/licenses/ade-LICENSE
  -- Up-to-date: C:/Users/82108/Documents/GitHub/Hatkey/install/etc/licenses/ffmpeg-license.txt
  -- Up-to-date: C:/Users/82108/Documents/GitHub/Hatkey/install/etc/licenses/ffmpeg-readme.txt
  -- Up-to-date: C:/Users/82108/Documents/GitHub/Hatkey/install/include/opencv2/cvconfig.h
  -- Up-to-date: C:/Users/82108/Documents/GitHub/Hatkey/install/include/opencv2/opencv_modules.hpp
  -- Up-to-date: C:/Users/82108/Documents/GitHub/Hatkey/install/x64/vc17/lib/OpenCVModules.cmake
  -- Up-to-date: C:/Users/82108/Documents/GitHub/Hatkey/install/x64/vc17/lib/OpenCVModules-debug.cmake
  -- Up-to-date: C:/Users/82108/Documents/GitHub/Hatkey/install/x64/vc17/lib/OpenCVConfig-version.cmake
  -- Up-to-date: C:/Users/82108/Documents/GitHub/Hatkey/install/x64/vc17/lib/OpenCVConfig.cmake
  -- Up-to-date: C:/Users/82108/Documents/GitHub/Hatkey/install/./OpenCVConfig-version.cmake
  -- Up-to-date: C:/Users/82108/Documents/GitHub/Hatkey/install/./OpenCVConfig.cmake
  -- Up-to-date: C:/Users/82108/Documents/GitHub/Hatkey/install/./LICENSE
  -- Up-to-date: C:/Users/82108/Documents/GitHub/Hatkey/install/./setup_vars_opencv4.cmd
  -- Up-to-date: C:/Users/82108/Documents/GitHub/Hatkey/install/etc/licenses/zlib-LICENSE
  -- Up-to-date: C:/Users/82108/Documents/GitHub/Hatkey/install/etc/licenses/libjpeg-turbo-README.md
  -- Up-to-date: C:/Users/82108/Documents/GitHub/Hatkey/install/etc/licenses/libjpeg-turbo-LICENSE.md
  -- Up-to-date: C:/Users/82108/Documents/GitHub/Hatkey/install/etc/licenses/libjpeg-turbo-README.ijg
  -- Up-to-date: C:/Users/82108/Documents/GitHub/Hatkey/install/etc/licenses/libtiff-COPYRIGHT
  -- Up-to-date: C:/Users/82108/Documents/GitHub/Hatkey/install/etc/licenses/libopenjp2-README.md
  -- Up-to-date: C:/Users/82108/Documents/GitHub/Hatkey/install/etc/licenses/libopenjp2-LICENSE
  -- Up-to-date: C:/Users/82108/Documents/GitHub/Hatkey/install/etc/licenses/libpng-LICENSE
  -- Up-to-date: C:/Users/82108/Documents/GitHub/Hatkey/install/etc/licenses/libpng-README
  -- Up-to-date: C:/Users/82108/Documents/GitHub/Hatkey/install/etc/licenses/openexr-LICENSE
  -- Up-to-date: C:/Users/82108/Documents/GitHub/Hatkey/install/etc/licenses/openexr-AUTHORS.ilmbase
  -- Up-to-date: C:/Users/82108/Documents/GitHub/Hatkey/install/etc/licenses/openexr-AUTHORS.openexr
  -- Up-to-date: C:/Users/82108/Documents/GitHub/Hatkey/install/etc/licenses/protobuf-LICENSE
  -- Up-to-date: C:/Users/82108/Documents/GitHub/Hatkey/install/etc/licenses/protobuf-README.md
  -- Up-to-date: C:/Users/82108/Documents/GitHub/Hatkey/install/etc/licenses/ittnotify-LICENSE.BSD
  -- Up-to-date: C:/Users/82108/Documents/GitHub/Hatkey/install/etc/licenses/ittnotify-LICENSE.GPL
  -- Up-to-date: C:/Users/82108/Documents/GitHub/Hatkey/install/include/opencv2/opencv.hpp
  -- Up-to-date: C:/Users/82108/Documents/GitHub/Hatkey/install/x64/vc17/lib/opencv_core490d.lib
  -- Up-to-date: C:/Users/82108/Documents/GitHub/Hatkey/install/x64/vc17/bin/opencv_core490d.dll
  -- Up-to-date: C:/Users/82108/Documents/GitHub/Hatkey/install/include/opencv2/core.hpp
  -- Up-to-date: C:/Users/82108/Documents/GitHub/Hatkey/install/include/opencv2/core/affine.hpp
  -- Up-to-date: C:/Users/82108/Documents/GitHub/Hatkey/install/include/opencv2/core/async.hpp
  -- Up-to-date: C:/Users/82108/Documents/GitHub/Hatkey/install/include/opencv2/core/base.hpp
  -- Up-to-date: C:/Users/82108/Documents/GitHub/Hatkey/install/include/opencv2/core/bindings_utils.hpp
  -- Up-to-date: C:/Users/82108/Documents/GitHub/Hatkey/install/include/opencv2/core/bufferpool.hpp
  -- Up-to-date: C:/Users/82108/Documents/GitHub/Hatkey/install/include/opencv2/core/check.hpp
  -- Up-to-date: C:/Users/82108/Documents/GitHub/Hatkey/install/include/opencv2/core/core.hpp
  -- Up-to-date: C:/Users/82108/Documents/GitHub/Hatkey/install/include/opencv2/core/core_c.h
  -- Up-to-date: C:/Users/82108/Documents/GitHub/Hatkey/install/include/opencv2/core/cuda.hpp
  -- Up-to-date: C:/Users/82108/Documents/GitHub/Hatkey/install/include/opencv2/core/cuda.inl.hpp
  -- Up-to-date: C:/Users/82108/Documents/GitHub/Hatkey/install/include/opencv2/core/cuda/block.hpp
  -- Up-to-date: C:/Users/82108/Documents/GitHub/Hatkey/install/include/opencv2/core/cuda/border_interpolate.hpp
  -- Up-to-date: C:/Users/82108/Documents/GitHub/Hatkey/install/include/opencv2/core/cuda/color.hpp
  -- Up-to-date: C:/Users/82108/Documents/GitHub/Hatkey/install/include/opencv2/core/cuda/common.hpp
  -- Up-to-date: C:/Users/82108/Documents/GitHub/Hatkey/install/include/opencv2/core/cuda/datamov_utils.hpp
  -- Up-to-date: C:/Users/82108/Documents/GitHub/Hatkey/install/include/opencv2/core/cuda/detail/color_detail.hpp
  -- Up-to-date: C:/Users/82108/Documents/GitHub/Hatkey/install/include/opencv2/core/cuda/detail/reduce.hpp
  -- Up-to-date: C:/Users/82108/Documents/GitHub/Hatkey/install/include/opencv2/core/cuda/detail/reduce_key_val.hpp
  -- Up-to-date: C:/Users/82108/Documents/GitHub/Hatkey/install/include/opencv2/core/cuda/detail/transform_detail.hpp
  -- Up-to-date: C:/Users/82108/Documents/GitHub/Hatkey/install/include/opencv2/core/cuda/detail/type_traits_detail.hpp
  -- Up-to-date: C:/Users/82108/Documents/GitHub/Hatkey/install/include/opencv2/core/cuda/detail/vec_distance_detail.hpp
  -- Up-to-date: C:/Users/82108/Documents/GitHub/Hatkey/install/include/opencv2/core/cuda/dynamic_smem.hpp
  -- Up-to-date: C:/Users/82108/Documents/GitHub/Hatkey/install/include/opencv2/core/cuda/emulation.hpp
  -- Up-to-date: C:/Users/82108/Documents/GitHub/Hatkey/install/include/opencv2/core/cuda/filters.hpp
  -- Up-to-date: C:/Users/82108/Documents/GitHub/Hatkey/install/include/opencv2/core/cuda/funcattrib.hpp
  -- Up-to-date: C:/Users/82108/Documents/GitHub/Hatkey/install/include/opencv2/core/cuda/functional.hpp
  -- Up-to-date: C:/Users/82108/Documents/GitHub/Hatkey/install/include/opencv2/core/cuda/limits.hpp
  -- Up-to-date: C:/Users/82108/Documents/GitHub/Hatkey/install/include/opencv2/core/cuda/reduce.hpp
  -- Up-to-date: C:/Users/82108/Documents/GitHub/Hatkey/install/include/opencv2/core/cuda/saturate_cast.hpp
  -- Up-to-date: C:/Users/82108/Documents/GitHub/Hatkey/install/include/opencv2/core/cuda/scan.hpp
  -- Up-to-date: C:/Users/82108/Documents/GitHub/Hatkey/install/include/opencv2/core/cuda/simd_functions.hpp
  -- Up-to-date: C:/Users/82108/Documents/GitHub/Hatkey/install/include/opencv2/core/cuda/transform.hpp
  -- Up-to-date: C:/Users/82108/Documents/GitHub/Hatkey/install/include/opencv2/core/cuda/type_traits.hpp
  -- Up-to-date: C:/Users/82108/Documents/GitHub/Hatkey/install/include/opencv2/core/cuda/utility.hpp
  -- Up-to-date: C:/Users/82108/Documents/GitHub/Hatkey/install/include/opencv2/core/cuda/vec_distance.hpp
  -- Up-to-date: C:/Users/82108/Documents/GitHub/Hatkey/install/include/opencv2/core/cuda/vec_math.hpp
  -- Up-to-date: C:/Users/82108/Documents/GitHub/Hatkey/install/include/opencv2/core/cuda/vec_traits.hpp
  -- Up-to-date: C:/Users/82108/Documents/GitHub/Hatkey/install/include/opencv2/core/cuda/warp.hpp
  -- Up-to-date: C:/Users/82108/Documents/GitHub/Hatkey/install/include/opencv2/core/cuda/warp_reduce.hpp
  -- Up-to-date: C:/Users/82108/Documents/GitHub/Hatkey/install/include/opencv2/core/cuda/warp_shuffle.hpp
  -- Up-to-date: C:/Users/82108/Documents/GitHub/Hatkey/install/include/opencv2/core/cuda_stream_accessor.hpp
  -- Up-to-date: C:/Users/82108/Documents/GitHub/Hatkey/install/include/opencv2/core/cuda_types.hpp
  -- Up-to-date: C:/Users/82108/Documents/GitHub/Hatkey/install/include/opencv2/core/cv_cpu_dispatch.h
  -- Up-to-date: C:/Users/82108/Documents/GitHub/Hatkey/install/include/opencv2/core/cv_cpu_helper.h
  -- Up-to-date: C:/Users/82108/Documents/GitHub/Hatkey/install/include/opencv2/core/cvdef.h
  -- Up-to-date: C:/Users/82108/Documents/GitHub/Hatkey/install/include/opencv2/core/cvstd.hpp
  -- Up-to-date: C:/Users/82108/Documents/GitHub/Hatkey/install/include/opencv2/core/cvstd.inl.hpp
  -- Up-to-date: C:/Users/82108/Documents/GitHub/Hatkey/install/include/opencv2/core/cvstd_wrapper.hpp
  -- Up-to-date: C:/Users/82108/Documents/GitHub/Hatkey/install/include/opencv2/core/detail/async_promise.hpp
  -- Up-to-date: C:/Users/82108/Documents/GitHub/Hatkey/install/include/opencv2/core/detail/dispatch_helper.impl.hpp
  -- Up-to-date: C:/Users/82108/Documents/GitHub/Hatkey/install/include/opencv2/core/detail/exception_ptr.hpp
  -- Up-to-date: C:/Users/82108/Documents/GitHub/Hatkey/install/include/opencv2/core/directx.hpp
  -- Up-to-date: C:/Users/82108/Documents/GitHub/Hatkey/install/include/opencv2/core/dualquaternion.hpp
  -- Up-to-date: C:/Users/82108/Documents/GitHub/Hatkey/install/include/opencv2/core/dualquaternion.inl.hpp
  -- Up-to-date: C:/Users/82108/Documents/GitHub/Hatkey/install/include/opencv2/core/eigen.hpp
  -- Up-to-date: C:/Users/82108/Documents/GitHub/Hatkey/install/include/opencv2/core/fast_math.hpp
  -- Up-to-date: C:/Users/82108/Documents/GitHub/Hatkey/install/include/opencv2/core/hal/hal.hpp
  -- Up-to-date: C:/Users/82108/Documents/GitHub/Hatkey/install/include/opencv2/core/hal/interface.h
  -- Up-to-date: C:/Users/82108/Documents/GitHub/Hatkey/install/include/opencv2/core/hal/intrin.hpp
  -- Up-to-date: C:/Users/82108/Documents/GitHub/Hatkey/install/include/opencv2/core/hal/intrin_avx.hpp
  -- Up-to-date: C:/Users/82108/Documents/GitHub/Hatkey/install/include/opencv2/core/hal/intrin_avx512.hpp
  -- Up-to-date: C:/Users/82108/Documents/GitHub/Hatkey/install/include/opencv2/core/hal/intrin_cpp.hpp
  -- Up-to-date: C:/Users/82108/Documents/GitHub/Hatkey/install/include/opencv2/core/hal/intrin_forward.hpp
  -- Up-to-date: C:/Users/82108/Documents/GitHub/Hatkey/install/include/opencv2/core/hal/intrin_lasx.hpp
  -- Up-to-date: C:/Users/82108/Documents/GitHub/Hatkey/install/include/opencv2/core/hal/intrin_lsx.hpp
  -- Up-to-date: C:/Users/82108/Documents/GitHub/Hatkey/install/include/opencv2/core/hal/intrin_msa.hpp
  -- Up-to-date: C:/Users/82108/Documents/GitHub/Hatkey/install/include/opencv2/core/hal/intrin_neon.hpp
  -- Up-to-date: C:/Users/82108/Documents/GitHub/Hatkey/install/include/opencv2/core/hal/intrin_rvv.hpp
  -- Up-to-date: C:/Users/82108/Documents/GitHub/Hatkey/install/include/opencv2/core/hal/intrin_rvv071.hpp
  -- Up-to-date: C:/Users/82108/Documents/GitHub/Hatkey/install/include/opencv2/core/hal/intrin_rvv_010_compat_non-policy.hpp
  -- Up-to-date: C:/Users/82108/Documents/GitHub/Hatkey/install/include/opencv2/core/hal/intrin_rvv_010_compat_overloaded-non-policy.hpp
  -- Up-to-date: C:/Users/82108/Documents/GitHub/Hatkey/install/include/opencv2/core/hal/intrin_rvv_011_compat.hpp
  -- Up-to-date: C:/Users/82108/Documents/GitHub/Hatkey/install/include/opencv2/core/hal/intrin_rvv_compat_overloaded.hpp
  -- Up-to-date: C:/Users/82108/Documents/GitHub/Hatkey/install/include/opencv2/core/hal/intrin_rvv_scalable.hpp
  -- Up-to-date: C:/Users/82108/Documents/GitHub/Hatkey/install/include/opencv2/core/hal/intrin_sse.hpp
  -- Up-to-date: C:/Users/82108/Documents/GitHub/Hatkey/install/include/opencv2/core/hal/intrin_sse_em.hpp
  -- Up-to-date: C:/Users/82108/Documents/GitHub/Hatkey/install/include/opencv2/core/hal/intrin_vsx.hpp
  -- Up-to-date: C:/Users/82108/Documents/GitHub/Hatkey/install/include/opencv2/core/hal/intrin_wasm.hpp
  -- Up-to-date: C:/Users/82108/Documents/GitHub/Hatkey/install/include/opencv2/core/hal/msa_macros.h
  -- Up-to-date: C:/Users/82108/Documents/GitHub/Hatkey/install/include/opencv2/core/hal/simd_utils.impl.hpp
  -- Up-to-date: C:/Users/82108/Documents/GitHub/Hatkey/install/include/opencv2/core/mat.hpp
  -- Up-to-date: C:/Users/82108/Documents/GitHub/Hatkey/install/include/opencv2/core/mat.inl.hpp
  -- Up-to-date: C:/Users/82108/Documents/GitHub/Hatkey/install/include/opencv2/core/matx.hpp
  -- Up-to-date: C:/Users/82108/Documents/GitHub/Hatkey/install/include/opencv2/core/neon_utils.hpp
  -- Up-to-date: C:/Users/82108/Documents/GitHub/Hatkey/install/include/opencv2/core/ocl.hpp
  -- Up-to-date: C:/Users/82108/Documents/GitHub/Hatkey/install/include/opencv2/core/ocl_genbase.hpp
  -- Up-to-date: C:/Users/82108/Documents/GitHub/Hatkey/install/include/opencv2/core/opencl/ocl_defs.hpp
  -- Up-to-date: C:/Users/82108/Documents/GitHub/Hatkey/install/include/opencv2/core/opencl/opencl_info.hpp
  -- Up-to-date: C:/Users/82108/Documents/GitHub/Hatkey/install/include/opencv2/core/opencl/opencl_svm.hpp
  -- Up-to-date: C:/Users/82108/Documents/GitHub/Hatkey/install/include/opencv2/core/opencl/runtime/autogenerated/opencl_clblas.hpp
  -- Up-to-date: C:/Users/82108/Documents/GitHub/Hatkey/install/include/opencv2/core/opencl/runtime/autogenerated/opencl_clfft.hpp
  -- Up-to-date: C:/Users/82108/Documents/GitHub/Hatkey/install/include/opencv2/core/opencl/runtime/autogenerated/opencl_core.hpp
  -- Up-to-date: C:/Users/82108/Documents/GitHub/Hatkey/install/include/opencv2/core/opencl/runtime/autogenerated/opencl_core_wrappers.hpp
  -- Up-to-date: C:/Users/82108/Documents/GitHub/Hatkey/install/include/opencv2/core/opencl/runtime/autogenerated/opencl_gl.hpp
  -- Up-to-date: C:/Users/82108/Documents/GitHub/Hatkey/install/include/opencv2/core/opencl/runtime/autogenerated/opencl_gl_wrappers.hpp
  -- Up-to-date: C:/Users/82108/Documents/GitHub/Hatkey/install/include/opencv2/core/opencl/runtime/opencl_clblas.hpp
  -- Up-to-date: C:/Users/82108/Documents/GitHub/Hatkey/install/include/opencv2/core/opencl/runtime/opencl_clfft.hpp
  -- Up-to-date: C:/Users/82108/Documents/GitHub/Hatkey/install/include/opencv2/core/opencl/runtime/opencl_core.hpp
  -- Up-to-date: C:/Users/82108/Documents/GitHub/Hatkey/install/include/opencv2/core/opencl/runtime/opencl_core_wrappers.hpp
  -- Up-to-date: C:/Users/82108/Documents/GitHub/Hatkey/install/include/opencv2/core/opencl/runtime/opencl_gl.hpp
  -- Up-to-date: C:/Users/82108/Documents/GitHub/Hatkey/install/include/opencv2/core/opencl/runtime/opencl_gl_wrappers.hpp
  -- Up-to-date: C:/Users/82108/Documents/GitHub/Hatkey/install/include/opencv2/core/opencl/runtime/opencl_svm_20.hpp
  -- Up-to-date: C:/Users/82108/Documents/GitHub/Hatkey/install/include/opencv2/core/opencl/runtime/opencl_svm_definitions.hpp
  -- Up-to-date: C:/Users/82108/Documents/GitHub/Hatkey/install/include/opencv2/core/opencl/runtime/opencl_svm_hsa_extension.hpp
  -- Up-to-date: C:/Users/82108/Documents/GitHub/Hatkey/install/include/opencv2/core/opengl.hpp
  -- Up-to-date: C:/Users/82108/Documents/GitHub/Hatkey/install/include/opencv2/core/operations.hpp
  -- Up-to-date: C:/Users/82108/Documents/GitHub/Hatkey/install/include/opencv2/core/optim.hpp
  -- Up-to-date: C:/Users/82108/Documents/GitHub/Hatkey/install/include/opencv2/core/ovx.hpp
  -- Up-to-date: C:/Users/82108/Documents/GitHub/Hatkey/install/include/opencv2/core/parallel/backend/parallel_for.openmp.hpp
  -- Up-to-date: C:/Users/82108/Documents/GitHub/Hatkey/install/include/opencv2/core/parallel/backend/parallel_for.tbb.hpp
  -- Up-to-date: C:/Users/82108/Documents/GitHub/Hatkey/install/include/opencv2/core/parallel/parallel_backend.hpp
  -- Up-to-date: C:/Users/82108/Documents/GitHub/Hatkey/install/include/opencv2/core/persistence.hpp
  -- Up-to-date: C:/Users/82108/Documents/GitHub/Hatkey/install/include/opencv2/core/quaternion.hpp
  -- Up-to-date: C:/Users/82108/Documents/GitHub/Hatkey/install/include/opencv2/core/quaternion.inl.hpp
  -- Up-to-date: C:/Users/82108/Documents/GitHub/Hatkey/install/include/opencv2/core/saturate.hpp
  -- Up-to-date: C:/Users/82108/Documents/GitHub/Hatkey/install/include/opencv2/core/simd_intrinsics.hpp
  -- Up-to-date: C:/Users/82108/Documents/GitHub/Hatkey/install/include/opencv2/core/softfloat.hpp
  -- Up-to-date: C:/Users/82108/Documents/GitHub/Hatkey/install/include/opencv2/core/sse_utils.hpp
  -- Up-to-date: C:/Users/82108/Documents/GitHub/Hatkey/install/include/opencv2/core/traits.hpp
  -- Up-to-date: C:/Users/82108/Documents/GitHub/Hatkey/install/include/opencv2/core/types.hpp
  -- Up-to-date: C:/Users/82108/Documents/GitHub/Hatkey/install/include/opencv2/core/types_c.h
  -- Up-to-date: C:/Users/82108/Documents/GitHub/Hatkey/install/include/opencv2/core/utility.hpp
  -- Up-to-date: C:/Users/82108/Documents/GitHub/Hatkey/install/include/opencv2/core/utils/allocator_stats.hpp
  -- Up-to-date: C:/Users/82108/Documents/GitHub/Hatkey/install/include/opencv2/core/utils/allocator_stats.impl.hpp
  -- Up-to-date: C:/Users/82108/Documents/GitHub/Hatkey/install/include/opencv2/core/utils/filesystem.hpp
  -- Up-to-date: C:/Users/82108/Documents/GitHub/Hatkey/install/include/opencv2/core/utils/fp_control_utils.hpp
  -- Up-to-date: C:/Users/82108/Documents/GitHub/Hatkey/install/include/opencv2/core/utils/instrumentation.hpp
  -- Up-to-date: C:/Users/82108/Documents/GitHub/Hatkey/install/include/opencv2/core/utils/logger.defines.hpp
  -- Up-to-date: C:/Users/82108/Documents/GitHub/Hatkey/install/include/opencv2/core/utils/logger.hpp
  -- Up-to-date: C:/Users/82108/Documents/GitHub/Hatkey/install/include/opencv2/core/utils/logtag.hpp
  -- Up-to-date: C:/Users/82108/Documents/GitHub/Hatkey/install/include/opencv2/core/utils/tls.hpp
  -- Up-to-date: C:/Users/82108/Documents/GitHub/Hatkey/install/include/opencv2/core/utils/trace.hpp
  -- Up-to-date: C:/Users/82108/Documents/GitHub/Hatkey/install/include/opencv2/core/va_intel.hpp
  -- Up-to-date: C:/Users/82108/Documents/GitHub/Hatkey/install/include/opencv2/core/version.hpp
  -- Up-to-date: C:/Users/82108/Documents/GitHub/Hatkey/install/include/opencv2/core/vsx_utils.hpp
  -- Up-to-date: C:/Users/82108/Documents/GitHub/Hatkey/install/etc/licenses/SoftFloat-COPYING.txt
  -- Up-to-date: C:/Users/82108/Documents/GitHub/Hatkey/install/x64/vc17/lib/opencv_flann490d.lib
  -- Up-to-date: C:/Users/82108/Documents/GitHub/Hatkey/install/x64/vc17/bin/opencv_flann490d.dll
  -- Up-to-date: C:/Users/82108/Documents/GitHub/Hatkey/install/include/opencv2/flann.hpp
  -- Up-to-date: C:/Users/82108/Documents/GitHub/Hatkey/install/include/opencv2/flann/all_indices.h
  -- Up-to-date: C:/Users/82108/Documents/GitHub/Hatkey/install/include/opencv2/flann/allocator.h
  -- Up-to-date: C:/Users/82108/Documents/GitHub/Hatkey/install/include/opencv2/flann/any.h
  -- Up-to-date: C:/Users/82108/Documents/GitHub/Hatkey/install/include/opencv2/flann/autotuned_index.h
  -- Up-to-date: C:/Users/82108/Documents/GitHub/Hatkey/install/include/opencv2/flann/composite_index.h
  -- Up-to-date: C:/Users/82108/Documents/GitHub/Hatkey/install/include/opencv2/flann/config.h
  -- Up-to-date: C:/Users/82108/Documents/GitHub/Hatkey/install/include/opencv2/flann/defines.h
  -- Up-to-date: C:/Users/82108/Documents/GitHub/Hatkey/install/include/opencv2/flann/dist.h
  -- Up-to-date: C:/Users/82108/Documents/GitHub/Hatkey/install/include/opencv2/flann/dummy.h
  -- Up-to-date: C:/Users/82108/Documents/GitHub/Hatkey/install/include/opencv2/flann/dynamic_bitset.h
  -- Up-to-date: C:/Users/82108/Documents/GitHub/Hatkey/install/include/opencv2/flann/flann.hpp
  -- Up-to-date: C:/Users/82108/Documents/GitHub/Hatkey/install/include/opencv2/flann/flann_base.hpp
  -- Up-to-date: C:/Users/82108/Documents/GitHub/Hatkey/install/include/opencv2/flann/general.h
  -- Up-to-date: C:/Users/82108/Documents/GitHub/Hatkey/install/include/opencv2/flann/ground_truth.h
  -- Up-to-date: C:/Users/82108/Documents/GitHub/Hatkey/install/include/opencv2/flann/hdf5.h
  -- Up-to-date: C:/Users/82108/Documents/GitHub/Hatkey/install/include/opencv2/flann/heap.h
  -- Up-to-date: C:/Users/82108/Documents/GitHub/Hatkey/install/include/opencv2/flann/hierarchical_clustering_index.h
  -- Up-to-date: C:/Users/82108/Documents/GitHub/Hatkey/install/include/opencv2/flann/index_testing.h
  -- Up-to-date: C:/Users/82108/Documents/GitHub/Hatkey/install/include/opencv2/flann/kdtree_index.h
  -- Up-to-date: C:/Users/82108/Documents/GitHub/Hatkey/install/include/opencv2/flann/kdtree_single_index.h
  -- Up-to-date: C:/Users/82108/Documents/GitHub/Hatkey/install/include/opencv2/flann/kmeans_index.h
  -- Up-to-date: C:/Users/82108/Documents/GitHub/Hatkey/install/include/opencv2/flann/linear_index.h
  -- Up-to-date: C:/Users/82108/Documents/GitHub/Hatkey/install/include/opencv2/flann/logger.h
  -- Up-to-date: C:/Users/82108/Documents/GitHub/Hatkey/install/include/opencv2/flann/lsh_index.h
  -- Up-to-date: C:/Users/82108/Documents/GitHub/Hatkey/install/include/opencv2/flann/lsh_table.h
  -- Up-to-date: C:/Users/82108/Documents/GitHub/Hatkey/install/include/opencv2/flann/matrix.h
  -- Up-to-date: C:/Users/82108/Documents/GitHub/Hatkey/install/include/opencv2/flann/miniflann.hpp
  -- Up-to-date: C:/Users/82108/Documents/GitHub/Hatkey/install/include/opencv2/flann/nn_index.h
  -- Up-to-date: C:/Users/82108/Documents/GitHub/Hatkey/install/include/opencv2/flann/object_factory.h
  -- Up-to-date: C:/Users/82108/Documents/GitHub/Hatkey/install/include/opencv2/flann/params.h
  -- Up-to-date: C:/Users/82108/Documents/GitHub/Hatkey/install/include/opencv2/flann/random.h
  -- Up-to-date: C:/Users/82108/Documents/GitHub/Hatkey/install/include/opencv2/flann/result_set.h
  -- Up-to-date: C:/Users/82108/Documents/GitHub/Hatkey/install/include/opencv2/flann/sampling.h
  -- Up-to-date: C:/Users/82108/Documents/GitHub/Hatkey/install/include/opencv2/flann/saving.h
  -- Up-to-date: C:/Users/82108/Documents/GitHub/Hatkey/install/include/opencv2/flann/simplex_downhill.h
  -- Up-to-date: C:/Users/82108/Documents/GitHub/Hatkey/install/include/opencv2/flann/timer.h
  -- Up-to-date: C:/Users/82108/Documents/GitHub/Hatkey/install/x64/vc17/lib/opencv_imgproc490d.lib
  -- Up-to-date: C:/Users/82108/Documents/GitHub/Hatkey/install/x64/vc17/bin/opencv_imgproc490d.dll
  -- Up-to-date: C:/Users/82108/Documents/GitHub/Hatkey/install/include/opencv2/imgproc.hpp
  -- Up-to-date: C:/Users/82108/Documents/GitHub/Hatkey/install/include/opencv2/imgproc/bindings.hpp
  -- Up-to-date: C:/Users/82108/Documents/GitHub/Hatkey/install/include/opencv2/imgproc/detail/gcgraph.hpp
  -- Up-to-date: C:/Users/82108/Documents/GitHub/Hatkey/install/include/opencv2/imgproc/hal/hal.hpp
  -- Up-to-date: C:/Users/82108/Documents/GitHub/Hatkey/install/include/opencv2/imgproc/hal/interface.h
  -- Up-to-date: C:/Users/82108/Documents/GitHub/Hatkey/install/include/opencv2/imgproc/imgproc.hpp
  -- Up-to-date: C:/Users/82108/Documents/GitHub/Hatkey/install/include/opencv2/imgproc/imgproc_c.h
  -- Up-to-date: C:/Users/82108/Documents/GitHub/Hatkey/install/include/opencv2/imgproc/segmentation.hpp
  -- Up-to-date: C:/Users/82108/Documents/GitHub/Hatkey/install/include/opencv2/imgproc/types_c.h
  -- Up-to-date: C:/Users/82108/Documents/GitHub/Hatkey/install/x64/vc17/lib/opencv_ml490d.lib
  -- Up-to-date: C:/Users/82108/Documents/GitHub/Hatkey/install/x64/vc17/bin/opencv_ml490d.dll
  -- Up-to-date: C:/Users/82108/Documents/GitHub/Hatkey/install/include/opencv2/ml.hpp
  -- Up-to-date: C:/Users/82108/Documents/GitHub/Hatkey/install/include/opencv2/ml/ml.hpp
  -- Up-to-date: C:/Users/82108/Documents/GitHub/Hatkey/install/include/opencv2/ml/ml.inl.hpp
  -- Up-to-date: C:/Users/82108/Documents/GitHub/Hatkey/install/x64/vc17/lib/opencv_photo490d.lib
  -- Up-to-date: C:/Users/82108/Documents/GitHub/Hatkey/install/x64/vc17/bin/opencv_photo490d.dll
  -- Up-to-date: C:/Users/82108/Documents/GitHub/Hatkey/install/include/opencv2/photo.hpp
  -- Up-to-date: C:/Users/82108/Documents/GitHub/Hatkey/install/include/opencv2/photo/cuda.hpp
  -- Up-to-date: C:/Users/82108/Documents/GitHub/Hatkey/install/include/opencv2/photo/legacy/constants_c.h
  -- Up-to-date: C:/Users/82108/Documents/GitHub/Hatkey/install/include/opencv2/photo/photo.hpp
  -- Up-to-date: C:/Users/82108/Documents/GitHub/Hatkey/install/x64/vc17/lib/opencv_dnn490d.lib
  -- Up-to-date: C:/Users/82108/Documents/GitHub/Hatkey/install/x64/vc17/bin/opencv_dnn490d.dll
  -- Up-to-date: C:/Users/82108/Documents/GitHub/Hatkey/install/include/opencv2/dnn.hpp
  -- Up-to-date: C:/Users/82108/Documents/GitHub/Hatkey/install/include/opencv2/dnn/all_layers.hpp
  -- Up-to-date: C:/Users/82108/Documents/GitHub/Hatkey/install/include/opencv2/dnn/dict.hpp
  -- Up-to-date: C:/Users/82108/Documents/GitHub/Hatkey/install/include/opencv2/dnn/dnn.hpp
  -- Up-to-date: C:/Users/82108/Documents/GitHub/Hatkey/install/include/opencv2/dnn/dnn.inl.hpp
  -- Up-to-date: C:/Users/82108/Documents/GitHub/Hatkey/install/include/opencv2/dnn/layer.details.hpp
  -- Up-to-date: C:/Users/82108/Documents/GitHub/Hatkey/install/include/opencv2/dnn/layer.hpp
  -- Up-to-date: C:/Users/82108/Documents/GitHub/Hatkey/install/include/opencv2/dnn/shape_utils.hpp
  -- Up-to-date: C:/Users/82108/Documents/GitHub/Hatkey/install/include/opencv2/dnn/utils/debug_utils.hpp
  -- Up-to-date: C:/Users/82108/Documents/GitHub/Hatkey/install/include/opencv2/dnn/utils/inference_engine.hpp
  -- Up-to-date: C:/Users/82108/Documents/GitHub/Hatkey/install/include/opencv2/dnn/version.hpp
  -- Up-to-date: C:/Users/82108/Documents/GitHub/Hatkey/install/x64/vc17/lib/opencv_features2d490d.lib
  -- Up-to-date: C:/Users/82108/Documents/GitHub/Hatkey/install/x64/vc17/bin/opencv_features2d490d.dll
  -- Up-to-date: C:/Users/82108/Documents/GitHub/Hatkey/install/include/opencv2/features2d.hpp
  -- Up-to-date: C:/Users/82108/Documents/GitHub/Hatkey/install/include/opencv2/features2d/features2d.hpp
  -- Up-to-date: C:/Users/82108/Documents/GitHub/Hatkey/install/include/opencv2/features2d/hal/interface.h
  -- Up-to-date: C:/Users/82108/Documents/GitHub/Hatkey/install/etc/licenses/mscr-chi_table_LICENSE.txt
  -- Up-to-date: C:/Users/82108/Documents/GitHub/Hatkey/install/x64/vc17/lib/opencv_imgcodecs490d.lib
  -- Up-to-date: C:/Users/82108/Documents/GitHub/Hatkey/install/x64/vc17/bin/opencv_imgcodecs490d.dll
  -- Up-to-date: C:/Users/82108/Documents/GitHub/Hatkey/install/include/opencv2/imgcodecs.hpp
  -- Up-to-date: C:/Users/82108/Documents/GitHub/Hatkey/install/include/opencv2/imgcodecs/imgcodecs.hpp
  -- Up-to-date: C:/Users/82108/Documents/GitHub/Hatkey/install/include/opencv2/imgcodecs/imgcodecs_c.h
  -- Up-to-date: C:/Users/82108/Documents/GitHub/Hatkey/install/include/opencv2/imgcodecs/ios.h
  -- Up-to-date: C:/Users/82108/Documents/GitHub/Hatkey/install/include/opencv2/imgcodecs/legacy/constants_c.h
  -- Up-to-date: C:/Users/82108/Documents/GitHub/Hatkey/install/include/opencv2/imgcodecs/macosx.h
  -- Up-to-date: C:/Users/82108/Documents/GitHub/Hatkey/install/x64/vc17/lib/opencv_videoio490d.lib
  -- Up-to-date: C:/Users/82108/Documents/GitHub/Hatkey/install/x64/vc17/bin/opencv_videoio490d.dll
  -- Up-to-date: C:/Users/82108/Documents/GitHub/Hatkey/install/include/opencv2/videoio.hpp
  -- Up-to-date: C:/Users/82108/Documents/GitHub/Hatkey/install/include/opencv2/videoio/cap_ios.h
  -- Up-to-date: C:/Users/82108/Documents/GitHub/Hatkey/install/include/opencv2/videoio/legacy/constants_c.h
  -- Up-to-date: C:/Users/82108/Documents/GitHub/Hatkey/install/include/opencv2/videoio/registry.hpp
  -- Up-to-date: C:/Users/82108/Documents/GitHub/Hatkey/install/include/opencv2/videoio/videoio.hpp
  -- Up-to-date: C:/Users/82108/Documents/GitHub/Hatkey/install/include/opencv2/videoio/videoio_c.h
  -- Up-to-date: C:/Users/82108/Documents/GitHub/Hatkey/install/x64/vc17/bin/opencv_videoio_ffmpeg490_64.dll
  -- Up-to-date: C:/Users/82108/Documents/GitHub/Hatkey/install/x64/vc17/lib/opencv_calib3d490d.lib
  -- Up-to-date: C:/Users/82108/Documents/GitHub/Hatkey/install/x64/vc17/bin/opencv_calib3d490d.dll
  -- Up-to-date: C:/Users/82108/Documents/GitHub/Hatkey/install/include/opencv2/calib3d.hpp
  -- Up-to-date: C:/Users/82108/Documents/GitHub/Hatkey/install/include/opencv2/calib3d/calib3d.hpp
  -- Up-to-date: C:/Users/82108/Documents/GitHub/Hatkey/install/include/opencv2/calib3d/calib3d_c.h
  -- Up-to-date: C:/Users/82108/Documents/GitHub/Hatkey/install/x64/vc17/lib/opencv_highgui490d.lib
  -- Up-to-date: C:/Users/82108/Documents/GitHub/Hatkey/install/x64/vc17/bin/opencv_highgui490d.dll
  -- Up-to-date: C:/Users/82108/Documents/GitHub/Hatkey/install/include/opencv2/highgui.hpp
  -- Up-to-date: C:/Users/82108/Documents/GitHub/Hatkey/install/include/opencv2/highgui/highgui.hpp
  -- Up-to-date: C:/Users/82108/Documents/GitHub/Hatkey/install/include/opencv2/highgui/highgui_c.h
  -- Up-to-date: C:/Users/82108/Documents/GitHub/Hatkey/install/x64/vc17/lib/opencv_objdetect490d.lib
  -- Up-to-date: C:/Users/82108/Documents/GitHub/Hatkey/install/x64/vc17/bin/opencv_objdetect490d.dll
  -- Up-to-date: C:/Users/82108/Documents/GitHub/Hatkey/install/include/opencv2/objdetect.hpp
  -- Up-to-date: C:/Users/82108/Documents/GitHub/Hatkey/install/include/opencv2/objdetect/aruco_board.hpp
  -- Up-to-date: C:/Users/82108/Documents/GitHub/Hatkey/install/include/opencv2/objdetect/aruco_detector.hpp
  -- Up-to-date: C:/Users/82108/Documents/GitHub/Hatkey/install/include/opencv2/objdetect/aruco_dictionary.hpp
  -- Up-to-date: C:/Users/82108/Documents/GitHub/Hatkey/install/include/opencv2/objdetect/barcode.hpp
  -- Up-to-date: C:/Users/82108/Documents/GitHub/Hatkey/install/include/opencv2/objdetect/charuco_detector.hpp
  -- Up-to-date: C:/Users/82108/Documents/GitHub/Hatkey/install/include/opencv2/objdetect/detection_based_tracker.hpp
  -- Up-to-date: C:/Users/82108/Documents/GitHub/Hatkey/install/include/opencv2/objdetect/face.hpp
  -- Up-to-date: C:/Users/82108/Documents/GitHub/Hatkey/install/include/opencv2/objdetect/graphical_code_detector.hpp
  -- Up-to-date: C:/Users/82108/Documents/GitHub/Hatkey/install/include/opencv2/objdetect/objdetect.hpp
  -- Up-to-date: C:/Users/82108/Documents/GitHub/Hatkey/install/x64/vc17/lib/opencv_stitching490d.lib
  -- Up-to-date: C:/Users/82108/Documents/GitHub/Hatkey/install/x64/vc17/bin/opencv_stitching490d.dll
  -- Up-to-date: C:/Users/82108/Documents/GitHub/Hatkey/install/include/opencv2/stitching.hpp
  -- Up-to-date: C:/Users/82108/Documents/GitHub/Hatkey/install/include/opencv2/stitching/detail/autocalib.hpp
  -- Up-to-date: C:/Users/82108/Documents/GitHub/Hatkey/install/include/opencv2/stitching/detail/blenders.hpp
  -- Up-to-date: C:/Users/82108/Documents/GitHub/Hatkey/install/include/opencv2/stitching/detail/camera.hpp
  -- Up-to-date: C:/Users/82108/Documents/GitHub/Hatkey/install/include/opencv2/stitching/detail/exposure_compensate.hpp
  -- Up-to-date: C:/Users/82108/Documents/GitHub/Hatkey/install/include/opencv2/stitching/detail/matchers.hpp
  -- Up-to-date: C:/Users/82108/Documents/GitHub/Hatkey/install/include/opencv2/stitching/detail/motion_estimators.hpp
  -- Up-to-date: C:/Users/82108/Documents/GitHub/Hatkey/install/include/opencv2/stitching/detail/seam_finders.hpp
  -- Up-to-date: C:/Users/82108/Documents/GitHub/Hatkey/install/include/opencv2/stitching/detail/timelapsers.hpp
  -- Up-to-date: C:/Users/82108/Documents/GitHub/Hatkey/install/include/opencv2/stitching/detail/util.hpp
  -- Up-to-date: C:/Users/82108/Documents/GitHub/Hatkey/install/include/opencv2/stitching/detail/util_inl.hpp
  -- Up-to-date: C:/Users/82108/Documents/GitHub/Hatkey/install/include/opencv2/stitching/detail/warpers.hpp
  -- Up-to-date: C:/Users/82108/Documents/GitHub/Hatkey/install/include/opencv2/stitching/detail/warpers_inl.hpp
  -- Up-to-date: C:/Users/82108/Documents/GitHub/Hatkey/install/include/opencv2/stitching/warpers.hpp
  -- Up-to-date: C:/Users/82108/Documents/GitHub/Hatkey/install/x64/vc17/lib/opencv_video490d.lib
  -- Up-to-date: C:/Users/82108/Documents/GitHub/Hatkey/install/x64/vc17/bin/opencv_video490d.dll
  -- Up-to-date: C:/Users/82108/Documents/GitHub/Hatkey/install/include/opencv2/video.hpp
  -- Up-to-date: C:/Users/82108/Documents/GitHub/Hatkey/install/include/opencv2/video/background_segm.hpp
  -- Up-to-date: C:/Users/82108/Documents/GitHub/Hatkey/install/include/opencv2/video/detail/tracking.detail.hpp
  -- Up-to-date: C:/Users/82108/Documents/GitHub/Hatkey/install/include/opencv2/video/legacy/constants_c.h
  -- Up-to-date: C:/Users/82108/Documents/GitHub/Hatkey/install/include/opencv2/video/tracking.hpp
  -- Up-to-date: C:/Users/82108/Documents/GitHub/Hatkey/install/include/opencv2/video/video.hpp
  -- Up-to-date: C:/Users/82108/Documents/GitHub/Hatkey/install/x64/vc17/lib/opencv_gapi490d.lib
  -- Up-to-date: C:/Users/82108/Documents/GitHub/Hatkey/install/x64/vc17/bin/opencv_gapi490d.dll
  -- Up-to-date: C:/Users/82108/Documents/GitHub/Hatkey/install/include/opencv2/gapi.hpp
  -- Up-to-date: C:/Users/82108/Documents/GitHub/Hatkey/install/include/opencv2/gapi/core.hpp
  -- Up-to-date: C:/Users/82108/Documents/GitHub/Hatkey/install/include/opencv2/gapi/cpu/core.hpp
  -- Up-to-date: C:/Users/82108/Documents/GitHub/Hatkey/install/include/opencv2/gapi/cpu/gcpukernel.hpp
  -- Up-to-date: C:/Users/82108/Documents/GitHub/Hatkey/install/include/opencv2/gapi/cpu/imgproc.hpp
  -- Up-to-date: C:/Users/82108/Documents/GitHub/Hatkey/install/include/opencv2/gapi/cpu/ot.hpp
  -- Up-to-date: C:/Users/82108/Documents/GitHub/Hatkey/install/include/opencv2/gapi/cpu/stereo.hpp
  -- Up-to-date: C:/Users/82108/Documents/GitHub/Hatkey/install/include/opencv2/gapi/cpu/video.hpp
  -- Up-to-date: C:/Users/82108/Documents/GitHub/Hatkey/install/include/opencv2/gapi/fluid/core.hpp
  -- Up-to-date: C:/Users/82108/Documents/GitHub/Hatkey/install/include/opencv2/gapi/fluid/gfluidbuffer.hpp
  -- Up-to-date: C:/Users/82108/Documents/GitHub/Hatkey/install/include/opencv2/gapi/fluid/gfluidkernel.hpp
  -- Up-to-date: C:/Users/82108/Documents/GitHub/Hatkey/install/include/opencv2/gapi/fluid/imgproc.hpp
  -- Up-to-date: C:/Users/82108/Documents/GitHub/Hatkey/install/include/opencv2/gapi/garg.hpp
  -- Up-to-date: C:/Users/82108/Documents/GitHub/Hatkey/install/include/opencv2/gapi/garray.hpp
  -- Up-to-date: C:/Users/82108/Documents/GitHub/Hatkey/install/include/opencv2/gapi/gasync_context.hpp
  -- Up-to-date: C:/Users/82108/Documents/GitHub/Hatkey/install/include/opencv2/gapi/gcall.hpp
  -- Up-to-date: C:/Users/82108/Documents/GitHub/Hatkey/install/include/opencv2/gapi/gcommon.hpp
  -- Up-to-date: C:/Users/82108/Documents/GitHub/Hatkey/install/include/opencv2/gapi/gcompiled.hpp
  -- Up-to-date: C:/Users/82108/Documents/GitHub/Hatkey/install/include/opencv2/gapi/gcompiled_async.hpp
  -- Up-to-date: C:/Users/82108/Documents/GitHub/Hatkey/install/include/opencv2/gapi/gcompoundkernel.hpp
  -- Up-to-date: C:/Users/82108/Documents/GitHub/Hatkey/install/include/opencv2/gapi/gcomputation.hpp
  -- Up-to-date: C:/Users/82108/Documents/GitHub/Hatkey/install/include/opencv2/gapi/gcomputation_async.hpp
  -- Up-to-date: C:/Users/82108/Documents/GitHub/Hatkey/install/include/opencv2/gapi/gframe.hpp
  -- Up-to-date: C:/Users/82108/Documents/GitHub/Hatkey/install/include/opencv2/gapi/gkernel.hpp
  -- Up-to-date: C:/Users/82108/Documents/GitHub/Hatkey/install/include/opencv2/gapi/gmat.hpp
  -- Up-to-date: C:/Users/82108/Documents/GitHub/Hatkey/install/include/opencv2/gapi/gmetaarg.hpp
  -- Up-to-date: C:/Users/82108/Documents/GitHub/Hatkey/install/include/opencv2/gapi/gopaque.hpp
  -- Up-to-date: C:/Users/82108/Documents/GitHub/Hatkey/install/include/opencv2/gapi/gproto.hpp
  -- Up-to-date: C:/Users/82108/Documents/GitHub/Hatkey/install/include/opencv2/gapi/gpu/core.hpp
  -- Up-to-date: C:/Users/82108/Documents/GitHub/Hatkey/install/include/opencv2/gapi/gpu/ggpukernel.hpp
  -- Up-to-date: C:/Users/82108/Documents/GitHub/Hatkey/install/include/opencv2/gapi/gpu/imgproc.hpp
  -- Up-to-date: C:/Users/82108/Documents/GitHub/Hatkey/install/include/opencv2/gapi/gscalar.hpp
  -- Up-to-date: C:/Users/82108/Documents/GitHub/Hatkey/install/include/opencv2/gapi/gstreaming.hpp
  -- Up-to-date: C:/Users/82108/Documents/GitHub/Hatkey/install/include/opencv2/gapi/gtransform.hpp
  -- Up-to-date: C:/Users/82108/Documents/GitHub/Hatkey/install/include/opencv2/gapi/gtype_traits.hpp
  -- Up-to-date: C:/Users/82108/Documents/GitHub/Hatkey/install/include/opencv2/gapi/gtyped.hpp
  -- Up-to-date: C:/Users/82108/Documents/GitHub/Hatkey/install/include/opencv2/gapi/imgproc.hpp
  -- Up-to-date: C:/Users/82108/Documents/GitHub/Hatkey/install/include/opencv2/gapi/infer.hpp
  -- Up-to-date: C:/Users/82108/Documents/GitHub/Hatkey/install/include/opencv2/gapi/infer/bindings_ie.hpp
  -- Up-to-date: C:/Users/82108/Documents/GitHub/Hatkey/install/include/opencv2/gapi/infer/bindings_onnx.hpp
  -- Up-to-date: C:/Users/82108/Documents/GitHub/Hatkey/install/include/opencv2/gapi/infer/bindings_ov.hpp
  -- Up-to-date: C:/Users/82108/Documents/GitHub/Hatkey/install/include/opencv2/gapi/infer/ie.hpp
  -- Up-to-date: C:/Users/82108/Documents/GitHub/Hatkey/install/include/opencv2/gapi/infer/onnx.hpp
  -- Up-to-date: C:/Users/82108/Documents/GitHub/Hatkey/install/include/opencv2/gapi/infer/ov.hpp
  -- Up-to-date: C:/Users/82108/Documents/GitHub/Hatkey/install/include/opencv2/gapi/infer/parsers.hpp
  -- Up-to-date: C:/Users/82108/Documents/GitHub/Hatkey/install/include/opencv2/gapi/media.hpp
  -- Up-to-date: C:/Users/82108/Documents/GitHub/Hatkey/install/include/opencv2/gapi/oak/infer.hpp
  -- Up-to-date: C:/Users/82108/Documents/GitHub/Hatkey/install/include/opencv2/gapi/oak/oak.hpp
  -- Up-to-date: C:/Users/82108/Documents/GitHub/Hatkey/install/include/opencv2/gapi/ocl/core.hpp
  -- Up-to-date: C:/Users/82108/Documents/GitHub/Hatkey/install/include/opencv2/gapi/ocl/goclkernel.hpp
  -- Up-to-date: C:/Users/82108/Documents/GitHub/Hatkey/install/include/opencv2/gapi/ocl/imgproc.hpp
  -- Up-to-date: C:/Users/82108/Documents/GitHub/Hatkey/install/include/opencv2/gapi/opencv_includes.hpp
  -- Up-to-date: C:/Users/82108/Documents/GitHub/Hatkey/install/include/opencv2/gapi/operators.hpp
  -- Up-to-date: C:/Users/82108/Documents/GitHub/Hatkey/install/include/opencv2/gapi/ot.hpp
  -- Up-to-date: C:/Users/82108/Documents/GitHub/Hatkey/install/include/opencv2/gapi/own/assert.hpp
  -- Up-to-date: C:/Users/82108/Documents/GitHub/Hatkey/install/include/opencv2/gapi/own/convert.hpp
  -- Up-to-date: C:/Users/82108/Documents/GitHub/Hatkey/install/include/opencv2/gapi/own/cvdefs.hpp
  -- Up-to-date: C:/Users/82108/Documents/GitHub/Hatkey/install/include/opencv2/gapi/own/exports.hpp
  -- Up-to-date: C:/Users/82108/Documents/GitHub/Hatkey/install/include/opencv2/gapi/own/mat.hpp
  -- Up-to-date: C:/Users/82108/Documents/GitHub/Hatkey/install/include/opencv2/gapi/own/saturate.hpp
  -- Up-to-date: C:/Users/82108/Documents/GitHub/Hatkey/install/include/opencv2/gapi/own/scalar.hpp
  -- Up-to-date: C:/Users/82108/Documents/GitHub/Hatkey/install/include/opencv2/gapi/own/types.hpp
  -- Up-to-date: C:/Users/82108/Documents/GitHub/Hatkey/install/include/opencv2/gapi/plaidml/core.hpp
  -- Up-to-date: C:/Users/82108/Documents/GitHub/Hatkey/install/include/opencv2/gapi/plaidml/gplaidmlkernel.hpp
  -- Up-to-date: C:/Users/82108/Documents/GitHub/Hatkey/install/include/opencv2/gapi/plaidml/plaidml.hpp
  -- Up-to-date: C:/Users/82108/Documents/GitHub/Hatkey/install/include/opencv2/gapi/python/python.hpp
  -- Up-to-date: C:/Users/82108/Documents/GitHub/Hatkey/install/include/opencv2/gapi/render.hpp
  -- Up-to-date: C:/Users/82108/Documents/GitHub/Hatkey/install/include/opencv2/gapi/render/render.hpp
  -- Up-to-date: C:/Users/82108/Documents/GitHub/Hatkey/install/include/opencv2/gapi/render/render_types.hpp
  -- Up-to-date: C:/Users/82108/Documents/GitHub/Hatkey/install/include/opencv2/gapi/rmat.hpp
  -- Up-to-date: C:/Users/82108/Documents/GitHub/Hatkey/install/include/opencv2/gapi/s11n.hpp
  -- Up-to-date: C:/Users/82108/Documents/GitHub/Hatkey/install/include/opencv2/gapi/s11n/base.hpp
  -- Up-to-date: C:/Users/82108/Documents/GitHub/Hatkey/install/include/opencv2/gapi/stereo.hpp
  -- Up-to-date: C:/Users/82108/Documents/GitHub/Hatkey/install/include/opencv2/gapi/streaming/cap.hpp
  -- Up-to-date: C:/Users/82108/Documents/GitHub/Hatkey/install/include/opencv2/gapi/streaming/desync.hpp
  -- Up-to-date: C:/Users/82108/Documents/GitHub/Hatkey/install/include/opencv2/gapi/streaming/format.hpp
  -- Up-to-date: C:/Users/82108/Documents/GitHub/Hatkey/install/include/opencv2/gapi/streaming/gstreamer/gstreamerpipeline.hpp
  -- Up-to-date: C:/Users/82108/Documents/GitHub/Hatkey/install/include/opencv2/gapi/streaming/gstreamer/gstreamersource.hpp
  -- Up-to-date: C:/Users/82108/Documents/GitHub/Hatkey/install/include/opencv2/gapi/streaming/meta.hpp
  -- Up-to-date: C:/Users/82108/Documents/GitHub/Hatkey/install/include/opencv2/gapi/streaming/onevpl/accel_types.hpp
  -- Up-to-date: C:/Users/82108/Documents/GitHub/Hatkey/install/include/opencv2/gapi/streaming/onevpl/cfg_params.hpp
  -- Up-to-date: C:/Users/82108/Documents/GitHub/Hatkey/install/include/opencv2/gapi/streaming/onevpl/data_provider_interface.hpp
  -- Up-to-date: C:/Users/82108/Documents/GitHub/Hatkey/install/include/opencv2/gapi/streaming/onevpl/default.hpp
  -- Up-to-date: C:/Users/82108/Documents/GitHub/Hatkey/install/include/opencv2/gapi/streaming/onevpl/device_selector_interface.hpp
  -- Up-to-date: C:/Users/82108/Documents/GitHub/Hatkey/install/include/opencv2/gapi/streaming/onevpl/source.hpp
  -- Up-to-date: C:/Users/82108/Documents/GitHub/Hatkey/install/include/opencv2/gapi/streaming/queue_source.hpp
  -- Up-to-date: C:/Users/82108/Documents/GitHub/Hatkey/install/include/opencv2/gapi/streaming/source.hpp
  -- Up-to-date: C:/Users/82108/Documents/GitHub/Hatkey/install/include/opencv2/gapi/streaming/sync.hpp
  -- Up-to-date: C:/Users/82108/Documents/GitHub/Hatkey/install/include/opencv2/gapi/util/any.hpp
  -- Up-to-date: C:/Users/82108/Documents/GitHub/Hatkey/install/include/opencv2/gapi/util/compiler_hints.hpp
  -- Up-to-date: C:/Users/82108/Documents/GitHub/Hatkey/install/include/opencv2/gapi/util/copy_through_move.hpp
  -- Up-to-date: C:/Users/82108/Documents/GitHub/Hatkey/install/include/opencv2/gapi/util/optional.hpp
  -- Up-to-date: C:/Users/82108/Documents/GitHub/Hatkey/install/include/opencv2/gapi/util/throw.hpp
  -- Up-to-date: C:/Users/82108/Documents/GitHub/Hatkey/install/include/opencv2/gapi/util/type_traits.hpp
  -- Up-to-date: C:/Users/82108/Documents/GitHub/Hatkey/install/include/opencv2/gapi/util/util.hpp
  -- Up-to-date: C:/Users/82108/Documents/GitHub/Hatkey/install/include/opencv2/gapi/util/variant.hpp
  -- Up-to-date: C:/Users/82108/Documents/GitHub/Hatkey/install/include/opencv2/gapi/video.hpp
  -- Up-to-date: C:/Users/82108/Documents/GitHub/Hatkey/install/etc/licenses/vasot-LICENSE.txt
  -- Up-to-date: C:/Users/82108/Documents/GitHub/Hatkey/install/etc/haarcascades/haarcascade_eye.xml
  -- Up-to-date: C:/Users/82108/Documents/GitHub/Hatkey/install/etc/haarcascades/haarcascade_eye_tree_eyeglasses.xml
  -- Up-to-date: C:/Users/82108/Documents/GitHub/Hatkey/install/etc/haarcascades/haarcascade_frontalcatface.xml
  -- Up-to-date: C:/Users/82108/Documents/GitHub/Hatkey/install/etc/haarcascades/haarcascade_frontalcatface_extended.xml
  -- Up-to-date: C:/Users/82108/Documents/GitHub/Hatkey/install/etc/haarcascades/haarcascade_frontalface_alt.xml
  -- Up-to-date: C:/Users/82108/Documents/GitHub/Hatkey/install/etc/haarcascades/haarcascade_frontalface_alt2.xml
  -- Up-to-date: C:/Users/82108/Documents/GitHub/Hatkey/install/etc/haarcascades/haarcascade_frontalface_alt_tree.xml
  -- Up-to-date: C:/Users/82108/Documents/GitHub/Hatkey/install/etc/haarcascades/haarcascade_frontalface_default.xml
  -- Up-to-date: C:/Users/82108/Documents/GitHub/Hatkey/install/etc/haarcascades/haarcascade_fullbody.xml
  -- Up-to-date: C:/Users/82108/Documents/GitHub/Hatkey/install/etc/haarcascades/haarcascade_lefteye_2splits.xml
  -- Up-to-date: C:/Users/82108/Documents/GitHub/Hatkey/install/etc/haarcascades/haarcascade_license_plate_rus_16stages.xml
  -- Up-to-date: C:/Users/82108/Documents/GitHub/Hatkey/install/etc/haarcascades/haarcascade_lowerbody.xml
  -- Up-to-date: C:/Users/82108/Documents/GitHub/Hatkey/install/etc/haarcascades/haarcascade_profileface.xml
  -- Up-to-date: C:/Users/82108/Documents/GitHub/Hatkey/install/etc/haarcascades/haarcascade_righteye_2splits.xml
  -- Up-to-date: C:/Users/82108/Documents/GitHub/Hatkey/install/etc/haarcascades/haarcascade_russian_plate_number.xml
  -- Up-to-date: C:/Users/82108/Documents/GitHub/Hatkey/install/etc/haarcascades/haarcascade_smile.xml
  -- Up-to-date: C:/Users/82108/Documents/GitHub/Hatkey/install/etc/haarcascades/haarcascade_upperbody.xml
  -- Up-to-date: C:/Users/82108/Documents/GitHub/Hatkey/install/etc/lbpcascades/lbpcascade_frontalcatface.xml
  -- Up-to-date: C:/Users/82108/Documents/GitHub/Hatkey/install/etc/lbpcascades/lbpcascade_frontalface.xml
  -- Up-to-date: C:/Users/82108/Documents/GitHub/Hatkey/install/etc/lbpcascades/lbpcascade_frontalface_improved.xml
  -- Up-to-date: C:/Users/82108/Documents/GitHub/Hatkey/install/etc/lbpcascades/lbpcascade_profileface.xml
  -- Up-to-date: C:/Users/82108/Documents/GitHub/Hatkey/install/etc/lbpcascades/lbpcascade_silverware.xml
  -- Up-to-date: C:/Users/82108/Documents/GitHub/Hatkey/install/x64/vc17/bin/opencv_annotationd.exe
  -- Up-to-date: C:/Users/82108/Documents/GitHub/Hatkey/install/x64/vc17/bin/opencv_visualisationd.exe
  -- Up-to-date: C:/Users/82108/Documents/GitHub/Hatkey/install/x64/vc17/bin/opencv_interactive-calibrationd.exe
  -- Up-to-date: C:/Users/82108/Documents/GitHub/Hatkey/install/x64/vc17/bin/opencv_versiond.exe
  -- Up-to-date: C:/Users/82108/Documents/GitHub/Hatkey/install/x64/vc17/bin/opencv_version_win32d.exe
  -- Up-to-date: C:/Users/82108/Documents/GitHub/Hatkey/install/x64/vc17/bin/opencv_model_diagnosticsd.exe
